\BOOKMARK [0][-]{nlc.0}{\376\377\126\375\133\266\126\376\116\146\231\206\134\001\227\142\000-\143\320\124\015\230\165}{}% 1
\BOOKMARK [0][-]{cover.0}{\376\377\134\001\227\142}{}% 2
\BOOKMARK [0][-]{license.0}{\376\377\133\146\117\115\213\272\145\207\162\110\147\103\117\177\165\050\143\210\147\103\116\146}{}% 3
\BOOKMARK [0][-]{abstract.0}{\376\377\116\055\145\207\144\130\211\201}{}% 4
\BOOKMARK [0][-]{englishabstract.0}{\376\377\202\361\145\207\144\130\211\201}{}% 5
\BOOKMARK [0][-]{chapter*.1}{\376\377\166\356\000\040\153\041}{}% 6
\BOOKMARK [0][-]{chapter*.2}{\376\377\143\322\126\376\156\005\123\125}{}% 7
\BOOKMARK [0][-]{chapter*.3}{\376\377\226\104\210\150\156\005\123\125}{}% 8
\BOOKMARK [0][-]{chapter.1}{\376\377\0001\000\040\176\352\213\272}{}% 9
\BOOKMARK [1][-]{section.1.1}{\376\377\0001\000.\0001\000\040\116\214\176\364\217\307\156\041\221\321\134\136\170\174\123\026\162\151\170\024\172\166\217\333\134\125}{chapter.1}% 10
\BOOKMARK [2][-]{subsection.1.1.1}{\376\377\0001\000.\0001\000.\0001\000\040\116\214\176\364\170\174\147\120\145\231}{section.1.1}% 11
\BOOKMARK [2][-]{subsection.1.1.2}{\376\377\0001\000.\0001\000.\0002\000\040\217\307\156\041\221\321\134\136\170\174\136\163\227\142\123\312\121\166\164\006\213\272\213\241\173\227\170\024\172\166\217\333\134\125}{section.1.1}% 12
\BOOKMARK [1][-]{section.1.2}{\376\377\0001\000.\0002\000\040\170\174\123\026\162\151\166\204\215\205\133\374\140\047\215\050\170\024\172\166\217\333\134\125}{chapter.1}% 13
\BOOKMARK [1][-]{section.1.3}{\376\377\0001\000.\0003\000\040\176\323\147\204\144\034\175\042\116\016\232\330\220\032\221\317\145\271\154\325\127\050\170\174\147\120\145\231\170\024\172\166\116\055\166\204\117\134\165\050}{chapter.1}% 14
\BOOKMARK [1][-]{section.1.4}{\376\377\0001\000.\0004\000\040\213\272\145\207\166\204\170\024\172\166\141\017\116\111\124\214\176\323\147\204\133\211\143\222}{chapter.1}% 15
\BOOKMARK [0][-]{chapter.2}{\376\377\0002\000\040\165\065\133\120\176\323\147\204\164\006\213\272\116\016\215\205\133\374\140\047\215\050\164\006\213\272\152\041\142\337}{}% 16
\BOOKMARK [1][-]{section.2.1}{\376\377\0002\000.\0001\000\040\133\306\136\246\154\333\121\375\164\006\213\272\377\010\000D\000F\000T\377\011\123\312\220\350\122\006\133\236\163\260\176\306\202\202}{chapter.2}% 17
\BOOKMARK [2][-]{subsection.2.1.1}{\376\377\0002\000.\0001\000.\0001\000\040\215\135\122\277\217\321\117\074}{section.2.1}% 18
\BOOKMARK [2][-]{subsection.2.1.2}{\376\377\0002\000.\0001\000.\0002\000\040\136\163\227\142\154\342\127\372\176\304}{section.2.1}% 19
\BOOKMARK [1][-]{section.2.2}{\376\377\0002\000.\0002\000\040\133\306\136\246\154\333\121\375\137\256\142\160\164\006\213\272\377\010\000D\000F\000P\000T\377\011}{chapter.2}% 20
\BOOKMARK [2][-]{subsection.2.2.1}{\376\377\0002\000.\0002\000.\0001\000\040\173\054\116\000\140\047\123\237\164\006\146\166\150\074\122\250\122\233\133\146}{section.2.2}% 21
\BOOKMARK [2][-]{subsection.2.2.2}{\376\377\0002\000.\0002\000.\0002\000\040\176\277\140\047\124\315\136\224\145\271\172\013}{section.2.2}% 22
\BOOKMARK [2][-]{subsection.2.2.3}{\376\377\0002\000.\0002\000.\0003\000\040\000D\000F\000P\000T\213\241\173\227\130\360\133\120\140\047\215\050}{section.2.2}% 23
\BOOKMARK [1][-]{section.2.3}{\376\377\0002\000.\0003\000\040\165\065\130\360\200\046\124\010\124\214\215\205\133\374\140\047\215\050\166\204\213\241\173\227}{chapter.2}% 24
\BOOKMARK [1][-]{section.2.4}{\376\377\0002\000.\0004\000\040\127\372\116\216\134\017\116\026\165\114\164\006\213\272\166\204\145\160\143\156\116\055\137\303\177\121\176\334}{chapter.2}% 25
\BOOKMARK [2][-]{subsection.2.4.1}{\376\377\0002\000.\0004\000.\0001\000\040\000D\000S\134\017\116\026\165\114\152\041\127\213}{section.2.4}% 26
\BOOKMARK [2][-]{subsection.2.4.2}{\376\377\0002\000.\0004\000.\0002\000\040\000D\000S\134\017\116\026\165\114\152\041\127\213\166\204\136\163\127\107\177\121\176\334\215\335\171\273}{section.2.4}% 27
\BOOKMARK [2][-]{subsection.2.4.3}{\376\377\0002\000.\0004\000.\0003\000\040\232\330\176\364\134\017\116\026\165\114\177\121\176\334\166\204\215\037\217\175\200\375\122\233\116\016\133\271\225\031\122\006\147\220}{section.2.4}% 28
\BOOKMARK [1][-]{section.2.5}{\376\377\0002\000.\0005\000\040\000S\000I\000D\000N\177\121\176\334\152\041\127\213}{chapter.2}% 29
\BOOKMARK [2][-]{subsection.2.5.1}{\376\377\0002\000.\0005\000.\0001\000\040\000S\000I\000D\000N\152\041\127\213\147\204\136\372}{section.2.5}% 30
\BOOKMARK [2][-]{subsection.2.5.2}{\376\377\0002\000.\0005\000.\0002\000\040\215\357\165\061\173\126\165\145}{section.2.5}% 31
\BOOKMARK [1][-]{section.2.6}{\376\377\0002\000.\0006\000\040\220\073\217\221\202\202\160\271\121\205\220\350\215\104\156\220\122\006\221\115}{chapter.2}% 32
\BOOKMARK [2][-]{subsection.2.6.1}{\376\377\0002\000.\0006\000.\0001\000\040\225\356\230\230\143\317\217\360}{section.2.6}% 33
\BOOKMARK [2][-]{subsection.2.6.2}{\376\377\0002\000.\0006\000.\0002\000\040\121\150\134\100\215\357\165\061\173\227\154\325}{section.2.6}% 34
\BOOKMARK [1][-]{section.2.7}{\376\377\0002\000.\0007\000\040\000S\000I\000D\000N\152\041\127\213\123\302\145\160\122\006\147\220}{chapter.2}% 35
\BOOKMARK [2][-]{subsection.2.7.1}{\376\377\0002\000.\0007\000.\0001\000\040\217\336\220\032\140\047\122\006\147\220}{section.2.7}% 36
\BOOKMARK [2][-]{subsection.2.7.2}{\376\377\0002\000.\0007\000.\0002\000\040\136\163\127\107\215\357\165\061\215\363\145\160}{section.2.7}% 37
\BOOKMARK [2][-]{subsection.2.7.3}{\376\377\0002\000.\0007\000.\0003\000\040\140\073\177\121\176\334\136\046\133\275}{section.2.7}% 38
\BOOKMARK [2][-]{subsection.2.7.4}{\376\377\0002\000.\0007\000.\0004\000\040\133\271\225\031\200\375\122\233}{section.2.7}% 39
\BOOKMARK [1][-]{section.2.8}{\376\377\0002\000.\0008\000\040\116\377\167\037\176\323\147\234}{chapter.2}% 40
\BOOKMARK [2][-]{subsection.2.8.1}{\376\377\0002\000.\0008\000.\0001\000\040\136\163\127\107\215\357\165\061\215\363\145\160}{section.2.8}% 41
\BOOKMARK [2][-]{subsection.2.8.2}{\376\377\0002\000.\0008\000.\0002\000\040\140\073\177\121\176\334\136\046\133\275}{section.2.8}% 42
\BOOKMARK [2][-]{subsection.2.8.3}{\376\377\0002\000.\0008\000.\0003\000\040\133\271\225\031\200\375\122\233}{section.2.8}% 43
\BOOKMARK [1][-]{section.2.9}{\376\377\0002\000.\0009\000\040\134\017\176\323}{chapter.2}% 44
\BOOKMARK [0][-]{chapter.3}{\376\377\0003\000\040\226\217\147\072\177\121\176\334\152\041\127\213}{}% 45
\BOOKMARK [1][-]{section.3.1}{\376\377\0003\000.\0001\000\040\226\217\147\072\177\121\176\334\200\314\146\157\116\016\170\024\172\166\163\260\162\266}{chapter.3}% 46
\BOOKMARK [1][-]{section.3.2}{\376\377\0003\000.\0002\000\040\000W\000a\000r\000p\000N\000e\000t\177\121\176\334\152\041\127\213\147\204\136\372}{chapter.3}% 47
\BOOKMARK [2][-]{subsection.3.2.1}{\376\377\0003\000.\0002\000.\0001\000\040\177\121\176\334\176\323\147\204}{section.3.2}% 48
\BOOKMARK [2][-]{subsection.3.2.2}{\376\377\0003\000.\0002\000.\0002\000\040\123\314\134\102\142\323\142\121\176\323\147\204}{section.3.2}% 49
\BOOKMARK [1][-]{section.3.3}{\376\377\0003\000.\0003\000\040\215\357\165\061\173\227\154\325}{chapter.3}% 50
\BOOKMARK [2][-]{subsection.3.3.1}{\376\377\0003\000.\0003\000.\0001\000\040\127\372\116\216\000f\000l\000o\000o\000d\166\204\215\357\165\061\123\321\163\260\173\227\154\325}{section.3.3}% 51
\BOOKMARK [1][-]{section.3.4}{\376\377\0003\000.\0004\000\040\177\121\176\334\140\047\200\375\122\006\147\220}{chapter.3}% 52
\BOOKMARK [2][-]{subsection.3.4.1}{\376\377\0003\000.\0004\000.\0001\000\040\217\336\220\032\140\047\116\016\116\222\200\124\220\032\163\207}{section.3.4}% 53
\BOOKMARK [2][-]{subsection.3.4.2}{\376\377\0003\000.\0004\000.\0002\000\040\215\357\165\061\215\363\145\160}{section.3.4}% 54
\BOOKMARK [2][-]{subsection.3.4.3}{\376\377\0003\000.\0004\000.\0003\000\040\140\073\136\046\133\275}{section.3.4}% 55
\BOOKMARK [2][-]{subsection.3.4.4}{\376\377\0003\000.\0004\000.\0004\000\040\145\105\226\234\133\371\177\121\176\334\166\204\137\161\124\315}{section.3.4}% 56
\BOOKMARK [1][-]{section.3.5}{\376\377\0003\000.\0005\000\040\116\377\167\037\122\006\147\220}{chapter.3}% 57
\BOOKMARK [1][-]{section.3.6}{\376\377\0003\000.\0006\000\040\133\236\232\214\232\214\213\301}{chapter.3}% 58
\BOOKMARK [1][-]{section.3.7}{\376\377\0003\000.\0007\000\040\134\017\176\323}{chapter.3}% 59
\BOOKMARK [0][-]{chapter.4}{\376\377\0004\000\040\145\340\134\072\136\246\177\121\176\334\152\041\127\213}{}% 60
\BOOKMARK [1][-]{section.4.1}{\376\377\0004\000.\0001\000\040\145\340\134\072\136\246\177\121\176\334\200\314\146\157\116\016\170\024\172\166\163\260\162\266}{chapter.4}% 61
\BOOKMARK [1][-]{section.4.2}{\376\377\0004\000.\0002\000\040\127\372\116\216\145\160\143\156\116\055\137\303\166\204\145\340\134\072\136\246\177\121\176\334\217\320\165\050}{chapter.4}% 62
\BOOKMARK [2][-]{subsection.4.2.1}{\376\377\0004\000.\0002\000.\0001\000\040\145\340\134\072\136\246\177\121\176\334\127\050\145\160\143\156\116\055\137\303\217\320\165\050\166\204\122\006\147\220}{section.4.2}% 63
\BOOKMARK [2][-]{subsection.4.2.2}{\376\377\0004\000.\0002\000.\0002\000\040\145\340\134\072\136\246\177\121\176\334\116\016\147\000\131\047\136\246}{section.4.2}% 64
\BOOKMARK [2][-]{subsection.4.2.3}{\376\377\0004\000.\0002\000.\0003\000\040\136\046\147\000\131\047\136\246\176\246\147\137\166\204\145\340\134\072\136\246\147\204\220\040\173\227\154\325}{section.4.2}% 65
\BOOKMARK [1][-]{section.4.3}{\376\377\0004\000.\0003\000\040\152\041\127\213\122\006\147\220}{chapter.4}% 66
\BOOKMARK [2][-]{subsection.4.3.1}{\376\377\0004\000.\0003\000.\0001\000\040\136\246\000-\136\246\166\370\121\163\140\047\122\006\147\220}{section.4.3}% 67
\BOOKMARK [2][-]{subsection.4.3.2}{\376\377\0004\000.\0003\000.\0002\000\040\200\132\174\173\140\047\122\006\147\220}{section.4.3}% 68
\BOOKMARK [1][-]{section.4.4}{\376\377\0004\000.\0004\000\040\127\372\116\216\145\160\143\156\116\055\137\303\166\204\145\340\134\072\136\246\177\121\176\334\152\041\127\213\147\204\136\372\122\006\147\220}{chapter.4}% 69
\BOOKMARK [2][-]{subsection.4.4.1}{\376\377\0004\000.\0004\000.\0001\000\040\202\202\160\271\176\323\147\204\116\016\177\121\176\334\140\047\200\375\166\204\121\163\174\373}{section.4.4}% 70
\BOOKMARK [1][-]{section.4.5}{\376\377\0004\000.\0005\000\040\136\163\210\141\126\340\133\120\166\204\123\302\145\160\214\003\145\164}{chapter.4}% 71
\BOOKMARK [2][-]{subsection.4.5.1}{\376\377\0004\000.\0005\000.\0001\000\040\000q\000=\0000\166\204\140\305\121\265}{section.4.5}% 72
\BOOKMARK [2][-]{subsection.4.5.2}{\376\377\0004\000.\0005\000.\0002\000\040\000q\000>\0000\166\204\140\305\121\265}{section.4.5}% 73
\BOOKMARK [2][-]{subsection.4.5.3}{\376\377\0004\000.\0005\000.\0003\000\040\000q\000<\0000\166\204\140\305\121\265}{section.4.5}% 74
\BOOKMARK [1][-]{section.4.6}{\376\377\0004\000.\0006\000\040\000T\000P\000S\000F\152\041\127\213\147\204\136\372\116\016\140\047\200\375\122\006\147\220}{chapter.4}% 75
\BOOKMARK [2][-]{subsection.4.6.1}{\376\377\0004\000.\0006\000.\0001\000\040\136\163\127\107\215\357\165\061\215\335\171\273}{section.4.6}% 76
\BOOKMARK [2][-]{subsection.4.6.2}{\376\377\0004\000.\0006\000.\0002\000\040\140\073\177\121\176\334\136\046\133\275}{section.4.6}% 77
\BOOKMARK [2][-]{subsection.4.6.3}{\376\377\0004\000.\0006\000.\0003\000\040\133\271\225\031\200\375\122\233}{section.4.6}% 78
\BOOKMARK [1][-]{section.4.7}{\376\377\0004\000.\0007\000\040\116\377\167\037\176\323\147\234}{chapter.4}% 79
\BOOKMARK [2][-]{subsection.4.7.1}{\376\377\0004\000.\0007\000.\0001\000\040\136\163\127\107\215\357\165\061\215\363\145\160}{section.4.7}% 80
\BOOKMARK [2][-]{subsection.4.7.2}{\376\377\0004\000.\0007\000.\0002\000\040\140\073\177\121\176\334\136\046\133\275}{section.4.7}% 81
\BOOKMARK [2][-]{subsection.4.7.3}{\376\377\0004\000.\0007\000.\0003\000\040\133\271\225\031\200\375\122\233}{section.4.7}% 82
\BOOKMARK [1][-]{section.4.8}{\376\377\0004\000.\0008\000\040\134\017\176\323}{chapter.4}% 83
\BOOKMARK [0][-]{chapter.5}{\376\377\0005\000\040\177\121\176\334\152\041\127\213\232\214\213\301\150\106\147\266}{}% 84
\BOOKMARK [1][-]{section.5.1}{\376\377\0005\000.\0001\000\040\137\025\212\000}{chapter.5}% 85
\BOOKMARK [1][-]{section.5.2}{\376\377\0005\000.\0002\000\040\152\041\142\337\136\163\123\360\133\236\163\260}{chapter.5}% 86
\BOOKMARK [2][-]{subsection.5.2.1}{\376\377\0005\000.\0002\000.\0001\000\040\174\373\176\337\176\323\147\204}{section.5.2}% 87
\BOOKMARK [2][-]{subsection.5.2.2}{\376\377\0005\000.\0002\000.\0002\000\040\147\204\220\040\152\041\127\127}{section.5.2}% 88
\BOOKMARK [2][-]{subsection.5.2.3}{\376\377\0005\000.\0002\000.\0003\000\040\206\132\142\337\177\121\123\141\133\236\163\260}{section.5.2}% 89
\BOOKMARK [2][-]{subsection.5.2.4}{\376\377\0005\000.\0002\000.\0004\000\040\143\247\122\066\150\070\137\303}{section.5.2}% 90
\BOOKMARK [2][-]{subsection.5.2.5}{\376\377\0005\000.\0002\000.\0005\000\040\123\327\143\247\152\041\127\127}{section.5.2}% 91
\BOOKMARK [2][-]{subsection.5.2.6}{\376\377\0005\000.\0002\000.\0006\000\040\122\006\136\003\137\017\206\132\142\337\116\244\143\142\177\121\176\334}{section.5.2}% 92
\BOOKMARK [1][-]{section.5.3}{\376\377\0005\000.\0003\000\040\232\214\213\301\176\323\147\234}{chapter.5}% 93
\BOOKMARK [2][-]{subsection.5.3.1}{\376\377\0005\000.\0003\000.\0001\000\040\167\037\133\236\163\257\130\203\232\214\213\301}{section.5.3}% 94
\BOOKMARK [2][-]{subsection.5.3.2}{\376\377\0005\000.\0003\000.\0002\000\040\155\167\221\317\206\132\142\337\123\026\166\204\150\300\155\113\116\016\143\247\122\066}{section.5.3}% 95
\BOOKMARK [1][-]{section.5.4}{\376\377\0005\000.\0004\000\040\134\017\176\323}{chapter.5}% 96
\BOOKMARK [0][-]{chapter.6}{\376\377\0006\000\040\176\323\213\272}{}% 97
\BOOKMARK [0][-]{chapter*.4}{\376\377\201\364\000\040\214\042}{}% 98
\BOOKMARK [0][-]{appendix.A}{\376\377\000A\000\040\123\132\130\353\000\050\170\125\130\353\000\051\133\146\117\115\213\272\145\207\177\026\121\231\150\074\137\017\211\304\133\232\000\050\213\325\210\114\000\051}{}% 99
\BOOKMARK [1][-]{section.A.1}{\376\377\000A\000.\0001\000\040\220\002\165\050\203\003\126\364}{appendix.A}% 100
\BOOKMARK [1][-]{section.A.2}{\376\377\000A\000.\0002\000\040\137\025\165\050\150\007\121\306}{appendix.A}% 101
\BOOKMARK [1][-]{section.A.3}{\376\377\000A\000.\0003\000\040\123\160\122\066\211\201\154\102}{appendix.A}% 102
\BOOKMARK [1][-]{section.A.4}{\376\377\000A\000.\0004\000\040\177\026\121\231\150\074\137\017}{appendix.A}% 103
\BOOKMARK [1][-]{section.A.5}{\376\377\000A\000.\0005\000\040\122\115\177\156\220\350\122\006}{appendix.A}% 104
\BOOKMARK [2][-]{subsection.A.5.1}{\376\377\000A\000.\0005\000.\0001\000\040\134\001\227\142\377\010\123\132\130\353\213\272\145\207\126\375\126\376\162\110\165\050\377\011}{section.A.5}% 105
\BOOKMARK [2][-]{subsection.A.5.2}{\376\377\000A\000.\0005\000.\0002\000\040\230\230\124\015}{section.A.5}% 106
\BOOKMARK [2][-]{subsection.A.5.3}{\376\377\000A\000.\0005\000.\0003\000\040\122\115\212\000}{section.A.5}% 107
\BOOKMARK [2][-]{subsection.A.5.4}{\376\377\000A\000.\0005\000.\0004\000\040\144\130\211\201}{section.A.5}% 108
\BOOKMARK [2][-]{subsection.A.5.5}{\376\377\000A\000.\0005\000.\0005\000\040\121\163\225\056\213\315}{section.A.5}% 109
\BOOKMARK [2][-]{subsection.A.5.6}{\376\377\000A\000.\0005\000.\0006\000\040\166\356\153\041\230\165}{section.A.5}% 110
\BOOKMARK [2][-]{subsection.A.5.7}{\376\377\000A\000.\0005\000.\0007\000\040\143\322\126\376\124\214\226\104\210\150\156\005\123\125}{section.A.5}% 111
\BOOKMARK [1][-]{section.A.6}{\376\377\000A\000.\0006\000\040\116\073\117\123\220\350\122\006}{appendix.A}% 112
\BOOKMARK [2][-]{subsection.A.6.1}{\376\377\000A\000.\0006\000.\0001\000\040\150\074\137\017}{section.A.6}% 113
\BOOKMARK [2][-]{subsection.A.6.2}{\376\377\000A\000.\0006\000.\0002\000\040\136\217\123\367}{section.A.6}% 114
\BOOKMARK [2][-]{subsection.A.6.3}{\376\377\000A\000.\0006\000.\0003\000\040\176\352\213\272}{section.A.6}% 115
\BOOKMARK [2][-]{subsection.A.6.4}{\376\377\000A\000.\0006\000.\0004\000\040\153\143\145\207}{section.A.6}% 116
\BOOKMARK [2][-]{subsection.A.6.5}{\376\377\000A\000.\0006\000.\0005\000\040\176\323\213\272}{section.A.6}% 117
\BOOKMARK [2][-]{subsection.A.6.6}{\376\377\000A\000.\0006\000.\0006\000\040\201\364\214\042}{section.A.6}% 118
\BOOKMARK [2][-]{subsection.A.6.7}{\376\377\000A\000.\0006\000.\0007\000\040\123\302\200\003\145\207\163\056\210\150}{section.A.6}% 119
\BOOKMARK [1][-]{section.A.7}{\376\377\000A\000.\0007\000\040\226\104\137\125}{appendix.A}% 120
\BOOKMARK [1][-]{section.A.8}{\376\377\000A\000.\0008\000\040\176\323\134\076\220\350\122\006\000\040\000\050\137\305\211\201\145\366\000\051}{appendix.A}% 121
\BOOKMARK [0][-]{appendix*.7}{\376\377\123\302\200\003\145\207\163\056}{}% 122
\BOOKMARK [0][-]{appendix.A}{\376\377\000A\000\040\126\376\213\272\127\372\170\100\167\345\213\306}{}% 123
\BOOKMARK [0][-]{appendix*.8}{\376\377\173\200\123\206\116\016\171\321\170\024\142\020\147\234}{}% 124
